<?xml version="1.0" encoding="UTF-8"?>
<testng-results skipped="0" failed="0" ignored="0" total="1" passed="1">
  <reporter-output>
  </reporter-output>
  <suite name="Default suite" duration-ms="10880" started-at="2022-08-06T18:32:54 IST" finished-at="2022-08-06T18:33:05 IST">
    <groups>
    </groups>
    <test name="Default test" duration-ms="10880" started-at="2022-08-06T18:32:54 IST" finished-at="2022-08-06T18:33:05 IST">
      <class name="Test_GET">
        <test-method status="PASS" signature="Test()[pri:0, instance:Test_GET@3b088d51]" name="Test" duration-ms="10651" started-at="2022-08-06T18:32:54 IST" finished-at="2022-08-06T18:33:05 IST">
          <reporter-output>
          </reporter-output>
        </test-method> <!-- Test -->
      </class> <!-- Test_GET -->
    </test> <!-- Default test -->
  </suite> <!-- Default suite -->
</testng-results>
