<?xml version="1.0" encoding="UTF-8"?>
<!-- Generated by org.testng.reporters.JUnitXMLReporter -->
<testsuite hostname="DESKTOP-MCHAE09" ignored="0" name="Famepilot App test" tests="12" failures="1" timestamp="2022-11-27T00:11:08 IST" time="24.17" errors="0">
  <testcase name="@AfterMethod tearDown" time="0.0" classname="co.famepilot.selenium.webdriver.basic.Famepilot_Login">
    <failure type="java.lang.NullPointerException">
      <![CDATA[java.lang.NullPointerException
at co.famepilot.selenium.webdriver.basic.Famepilot_Login.tearDown(Famepilot_Login.java:205)
at java.util.ArrayList.forEach(Unknown Source)
... Removed 32 stack frames]]>
    </failure>
  </testcase> <!-- @AfterMethod tearDown -->
  <testcase name="@BeforeMethod setUp" time="-1.669488067601E9" classname="co.famepilot.selenium.webdriver.basic.Famepilot_Login">
    <skipped/>
  </testcase> <!-- @BeforeMethod setUp -->
  <testcase name="@AfterMethod tearDown" time="-1.669488067632E9" classname="co.famepilot.selenium.webdriver.basic.Famepilot_Login">
    <skipped/>
  </testcase> <!-- @AfterMethod tearDown -->
  <testcase name="@BeforeMethod setUp" time="-1.669488067648E9" classname="co.famepilot.selenium.webdriver.basic.Famepilot_Login">
    <skipped/>
  </testcase> <!-- @BeforeMethod setUp -->
  <testcase name="@AfterMethod tearDown" time="-1.669488067695E9" classname="co.famepilot.selenium.webdriver.basic.Famepilot_Login">
    <skipped/>
  </testcase> <!-- @AfterMethod tearDown -->
  <testcase name="@BeforeMethod setUp" time="-1.669488067726E9" classname="co.famepilot.selenium.webdriver.basic.Famepilot_Login">
    <skipped/>
  </testcase> <!-- @BeforeMethod setUp -->
  <testcase name="@AfterMethod tearDown" time="-1.669488067726E9" classname="co.famepilot.selenium.webdriver.basic.Famepilot_Login">
    <skipped/>
  </testcase> <!-- @AfterMethod tearDown -->
  <testcase name="@BeforeMethod setUp" time="-1.669488067742E9" classname="co.famepilot.selenium.webdriver.basic.Famepilot_Login">
    <skipped/>
  </testcase> <!-- @BeforeMethod setUp -->
  <testcase name="@AfterMethod tearDown" time="-1.669488067757E9" classname="co.famepilot.selenium.webdriver.basic.Famepilot_Login">
    <skipped/>
  </testcase> <!-- @AfterMethod tearDown -->
  <testcase name="@BeforeMethod setUp" time="-1.669488067773E9" classname="co.famepilot.selenium.webdriver.basic.Famepilot_Login">
    <skipped/>
  </testcase> <!-- @BeforeMethod setUp -->
  <testcase name="@AfterMethod tearDown" time="-1.669488067788E9" classname="co.famepilot.selenium.webdriver.basic.Famepilot_Login">
    <skipped/>
  </testcase> <!-- @AfterMethod tearDown -->
  <testcase name="@BeforeMethod setUp" time="-1.669488067804E9" classname="co.famepilot.selenium.webdriver.basic.Famepilot_Login">
    <skipped/>
  </testcase> <!-- @BeforeMethod setUp -->
  <testcase name="@AfterMethod tearDown" time="-1.66948806782E9" classname="co.famepilot.selenium.webdriver.basic.Famepilot_Login">
    <skipped/>
  </testcase> <!-- @AfterMethod tearDown -->
  <testcase name="@BeforeMethod setUp" time="-1.66948806782E9" classname="co.famepilot.selenium.webdriver.basic.Famepilot_Login">
    <skipped/>
  </testcase> <!-- @BeforeMethod setUp -->
  <testcase name="@AfterMethod tearDown" time="-1.669488067835E9" classname="co.famepilot.selenium.webdriver.basic.Famepilot_Login">
    <skipped/>
  </testcase> <!-- @AfterMethod tearDown -->
  <testcase name="@BeforeMethod setUp" time="-1.669488067867E9" classname="co.famepilot.selenium.webdriver.basic.Famepilot_Login">
    <skipped/>
  </testcase> <!-- @BeforeMethod setUp -->
  <testcase name="@AfterMethod tearDown" time="-1.669488067929E9" classname="co.famepilot.selenium.webdriver.basic.Famepilot_Login">
    <skipped/>
  </testcase> <!-- @AfterMethod tearDown -->
  <testcase name="@BeforeMethod setUp" time="-1.669488067945E9" classname="co.famepilot.selenium.webdriver.basic.Famepilot_Login">
    <skipped/>
  </testcase> <!-- @BeforeMethod setUp -->
  <testcase name="@AfterMethod tearDown" time="-1.669488067977E9" classname="co.famepilot.selenium.webdriver.basic.Famepilot_Login">
    <skipped/>
  </testcase> <!-- @AfterMethod tearDown -->
  <testcase name="@BeforeMethod setUp" time="-1.669488067986E9" classname="co.famepilot.selenium.webdriver.basic.Famepilot_Login">
    <skipped/>
  </testcase> <!-- @BeforeMethod setUp -->
  <testcase name="@AfterMethod tearDown" time="-1.669488068017E9" classname="co.famepilot.selenium.webdriver.basic.Famepilot_Login">
    <skipped/>
  </testcase> <!-- @AfterMethod tearDown -->
  <testcase name="@BeforeMethod setUp" time="-1.669488068033E9" classname="co.famepilot.selenium.webdriver.basic.Famepilot_Login">
    <skipped/>
  </testcase> <!-- @BeforeMethod setUp -->
  <testcase name="@AfterMethod tearDown" time="-1.669488068064E9" classname="co.famepilot.selenium.webdriver.basic.Famepilot_Login">
    <skipped/>
  </testcase> <!-- @AfterMethod tearDown -->
  <testcase name="verifyPageTitleTest" time="0.016" classname="co.famepilot.selenium.webdriver.basic.Famepilot_Login">
    <failure type="java.lang.NullPointerException">
      <![CDATA[java.lang.NullPointerException
at co.famepilot.selenium.webdriver.basic.Famepilot_Login.verifyPageTitleTest(Famepilot_Login.java:33)
at java.util.ArrayList.forEach(Unknown Source)
... Removed 27 stack frames]]>
    </failure>
  </testcase> <!-- verifyPageTitleTest -->
  <testcase name="verifyFamepilotLogoTest" time="0.0" classname="co.famepilot.selenium.webdriver.basic.Famepilot_Login">
    <skipped/>
  </testcase> <!-- verifyFamepilotLogoTest -->
  <testcase name="verifyValidlogindetailsTest" time="0.0" classname="co.famepilot.selenium.webdriver.basic.Famepilot_Login">
    <skipped/>
  </testcase> <!-- verifyValidlogindetailsTest -->
  <testcase name="verifyInvalidEmailTest" time="0.0" classname="co.famepilot.selenium.webdriver.basic.Famepilot_Login">
    <skipped/>
  </testcase> <!-- verifyInvalidEmailTest -->
  <testcase name="verifyInvalidPasswordTest" time="0.0" classname="co.famepilot.selenium.webdriver.basic.Famepilot_Login">
    <skipped/>
  </testcase> <!-- verifyInvalidPasswordTest -->
  <testcase name="verifyInvalidCredentialsTest" time="0.0" classname="co.famepilot.selenium.webdriver.basic.Famepilot_Login">
    <skipped/>
  </testcase> <!-- verifyInvalidCredentialsTest -->
  <testcase name="verifyEmplyfieldsTest" time="0.0" classname="co.famepilot.selenium.webdriver.basic.Famepilot_Login">
    <skipped/>
  </testcase> <!-- verifyEmplyfieldsTest -->
  <testcase name="verifyEmptyUsernameFieldTest" time="0.0" classname="co.famepilot.selenium.webdriver.basic.Famepilot_Login">
    <skipped/>
  </testcase> <!-- verifyEmptyUsernameFieldTest -->
  <testcase name="verifyEmptyPasswordFieldTest" time="0.0" classname="co.famepilot.selenium.webdriver.basic.Famepilot_Login">
    <skipped/>
  </testcase> <!-- verifyEmptyPasswordFieldTest -->
  <testcase name="verifyTermsconditionsTest" time="0.0" classname="co.famepilot.selenium.webdriver.basic.Famepilot_Login">
    <skipped/>
  </testcase> <!-- verifyTermsconditionsTest -->
  <testcase name="verifycrossbuttonTest" time="0.0" classname="co.famepilot.selenium.webdriver.basic.Famepilot_Login">
    <skipped/>
  </testcase> <!-- verifycrossbuttonTest -->
  <testcase name="verifytermsconditionlinkTest" time="0.0" classname="co.famepilot.selenium.webdriver.basic.Famepilot_Login">
    <skipped/>
  </testcase> <!-- verifytermsconditionlinkTest -->
</testsuite> <!-- Famepilot App test -->
