<?xml version="1.0" encoding="UTF-8"?>
<testng-results skipped="0" failed="1" ignored="0" total="12" passed="11">
  <reporter-output>
  </reporter-output>
  <suite name="Default suite" duration-ms="491465" started-at="2023-01-14T18:18:24 IST" finished-at="2023-01-14T18:26:35 IST">
    <groups>
    </groups>
    <test name="Default test" duration-ms="491465" started-at="2023-01-14T18:18:24 IST" finished-at="2023-01-14T18:26:35 IST">
      <class name="co.famepilot.selenium.webdriver.basic.Famepilot_Login">
        <test-method status="PASS" signature="setUp()[pri:0, instance:co.famepilot.selenium.webdriver.basic.Famepilot_Login@612679d6]" name="setUp" is-config="true" duration-ms="81124" started-at="2023-01-14T18:18:24 IST" finished-at="2023-01-14T18:19:45 IST">
          <reporter-output>
          </reporter-output>
        </test-method> <!-- setUp -->
        <test-method status="PASS" signature="verifyPageTitleTest()[pri:1, instance:co.famepilot.selenium.webdriver.basic.Famepilot_Login@612679d6]" name="verifyPageTitleTest" duration-ms="250" started-at="2023-01-14T18:19:45 IST" finished-at="2023-01-14T18:19:46 IST">
          <reporter-output>
          </reporter-output>
        </test-method> <!-- verifyPageTitleTest -->
        <test-method status="PASS" signature="tearDown()[pri:0, instance:co.famepilot.selenium.webdriver.basic.Famepilot_Login@612679d6]" name="tearDown" is-config="true" duration-ms="2350" started-at="2023-01-14T18:19:46 IST" finished-at="2023-01-14T18:19:48 IST">
          <reporter-output>
          </reporter-output>
        </test-method> <!-- tearDown -->
        <test-method status="PASS" signature="setUp()[pri:0, instance:co.famepilot.selenium.webdriver.basic.Famepilot_Login@612679d6]" name="setUp" is-config="true" duration-ms="22236" started-at="2023-01-14T18:19:48 IST" finished-at="2023-01-14T18:20:10 IST">
          <reporter-output>
          </reporter-output>
        </test-method> <!-- setUp -->
        <test-method status="PASS" signature="verifyFamepilotLogoTest()[pri:2, instance:co.famepilot.selenium.webdriver.basic.Famepilot_Login@612679d6]" name="verifyFamepilotLogoTest" duration-ms="728" started-at="2023-01-14T18:20:10 IST" finished-at="2023-01-14T18:20:11 IST">
          <reporter-output>
          </reporter-output>
        </test-method> <!-- verifyFamepilotLogoTest -->
        <test-method status="PASS" signature="tearDown()[pri:0, instance:co.famepilot.selenium.webdriver.basic.Famepilot_Login@612679d6]" name="tearDown" is-config="true" duration-ms="1353" started-at="2023-01-14T18:20:11 IST" finished-at="2023-01-14T18:20:12 IST">
          <reporter-output>
          </reporter-output>
        </test-method> <!-- tearDown -->
        <test-method status="FAIL" signature="verifyValidlogindetailsTest(java.lang.String,java.lang.String,java.lang.String)[pri:3, instance:co.famepilot.selenium.webdriver.basic.Famepilot_Login@612679d6]" name="verifyValidlogindetailsTest" duration-ms="0" started-at="2023-01-14T18:20:12 IST" finished-at="2023-01-14T18:20:12 IST">
          <exception class="org.testng.TestNGException">
            <message>
              <![CDATA[
Parameter 'loginbutton' is required by @Test on method verifyValidlogindetailsTest but has not been marked @Optional or defined
in C:\Users\Trapti\AppData\Local\Temp\testng-eclipse--1486140455\testng-customsuite.xml]]>
            </message>
            <full-stacktrace>
              <![CDATA[org.testng.TestNGException: 
Parameter 'loginbutton' is required by @Test on method verifyValidlogindetailsTest but has not been marked @Optional or defined
in C:\Users\Trapti\AppData\Local\Temp\testng-eclipse--1486140455\testng-customsuite.xml
at org.testng.internal.Parameters.createParams(Parameters.java:270)
at org.testng.internal.Parameters.createParametersForMethod(Parameters.java:358)
at org.testng.internal.Parameters.createParameters(Parameters.java:700)
at org.testng.internal.Parameters.handleParameters(Parameters.java:884)
at org.testng.internal.Parameters.handleParameters(Parameters.java:740)
at org.testng.internal.ParameterHandler.handleParameters(ParameterHandler.java:59)
at org.testng.internal.ParameterHandler.createParameters(ParameterHandler.java:38)
at org.testng.internal.TestInvoker$MethodInvocationAgent.invoke(TestInvoker.java:791)
at org.testng.internal.TestInvoker.invokeTestMethods(TestInvoker.java:146)
at org.testng.internal.TestMethodWorker.invokeTestMethods(TestMethodWorker.java:146)
at org.testng.internal.TestMethodWorker.run(TestMethodWorker.java:128)
at java.util.ArrayList.forEach(Unknown Source)
at org.testng.TestRunner.privateRun(TestRunner.java:794)
at org.testng.TestRunner.run(TestRunner.java:596)
at org.testng.SuiteRunner.runTest(SuiteRunner.java:377)
at org.testng.SuiteRunner.runSequentially(SuiteRunner.java:371)
at org.testng.SuiteRunner.privateRun(SuiteRunner.java:332)
at org.testng.SuiteRunner.run(SuiteRunner.java:276)
at org.testng.SuiteRunnerWorker.runSuite(SuiteRunnerWorker.java:53)
at org.testng.SuiteRunnerWorker.run(SuiteRunnerWorker.java:96)
at org.testng.TestNG.runSuitesSequentially(TestNG.java:1212)
at org.testng.TestNG.runSuitesLocally(TestNG.java:1134)
at org.testng.TestNG.runSuites(TestNG.java:1063)
at org.testng.TestNG.run(TestNG.java:1031)
at org.testng.remote.AbstractRemoteTestNG.run(AbstractRemoteTestNG.java:115)
at org.testng.remote.RemoteTestNG.initAndRun(RemoteTestNG.java:251)
at org.testng.remote.RemoteTestNG.main(RemoteTestNG.java:77)
]]>
            </full-stacktrace>
          </exception> <!-- org.testng.TestNGException -->
          <reporter-output>
          </reporter-output>
        </test-method> <!-- verifyValidlogindetailsTest -->
        <test-method status="PASS" signature="setUp()[pri:0, instance:co.famepilot.selenium.webdriver.basic.Famepilot_Login@612679d6]" name="setUp" is-config="true" duration-ms="22008" started-at="2023-01-14T18:20:12 IST" finished-at="2023-01-14T18:20:34 IST">
          <reporter-output>
          </reporter-output>
        </test-method> <!-- setUp -->
        <test-method status="PASS" signature="verifyInvalidEmailTest()[pri:4, instance:co.famepilot.selenium.webdriver.basic.Famepilot_Login@612679d6]" name="verifyInvalidEmailTest" duration-ms="30013" started-at="2023-01-14T18:20:34 IST" finished-at="2023-01-14T18:21:04 IST">
          <reporter-output>
          </reporter-output>
        </test-method> <!-- verifyInvalidEmailTest -->
        <test-method status="PASS" signature="tearDown()[pri:0, instance:co.famepilot.selenium.webdriver.basic.Famepilot_Login@612679d6]" name="tearDown" is-config="true" duration-ms="2973" started-at="2023-01-14T18:21:04 IST" finished-at="2023-01-14T18:21:07 IST">
          <reporter-output>
          </reporter-output>
        </test-method> <!-- tearDown -->
        <test-method status="PASS" signature="setUp()[pri:0, instance:co.famepilot.selenium.webdriver.basic.Famepilot_Login@612679d6]" name="setUp" is-config="true" duration-ms="18781" started-at="2023-01-14T18:21:07 IST" finished-at="2023-01-14T18:21:26 IST">
          <reporter-output>
          </reporter-output>
        </test-method> <!-- setUp -->
        <test-method status="PASS" signature="verifyInvalidPasswordTest()[pri:5, instance:co.famepilot.selenium.webdriver.basic.Famepilot_Login@612679d6]" name="verifyInvalidPasswordTest" duration-ms="16264" started-at="2023-01-14T18:21:26 IST" finished-at="2023-01-14T18:21:42 IST">
          <reporter-output>
          </reporter-output>
        </test-method> <!-- verifyInvalidPasswordTest -->
        <test-method status="PASS" signature="tearDown()[pri:0, instance:co.famepilot.selenium.webdriver.basic.Famepilot_Login@612679d6]" name="tearDown" is-config="true" duration-ms="2320" started-at="2023-01-14T18:21:42 IST" finished-at="2023-01-14T18:21:45 IST">
          <reporter-output>
          </reporter-output>
        </test-method> <!-- tearDown -->
        <test-method status="PASS" signature="setUp()[pri:0, instance:co.famepilot.selenium.webdriver.basic.Famepilot_Login@612679d6]" name="setUp" is-config="true" duration-ms="20760" started-at="2023-01-14T18:21:45 IST" finished-at="2023-01-14T18:22:05 IST">
          <reporter-output>
          </reporter-output>
        </test-method> <!-- setUp -->
        <test-method status="PASS" signature="verifyInvalidCredentialsTest()[pri:6, instance:co.famepilot.selenium.webdriver.basic.Famepilot_Login@612679d6]" name="verifyInvalidCredentialsTest" duration-ms="24523" started-at="2023-01-14T18:22:05 IST" finished-at="2023-01-14T18:22:30 IST">
          <reporter-output>
          </reporter-output>
        </test-method> <!-- verifyInvalidCredentialsTest -->
        <test-method status="PASS" signature="tearDown()[pri:0, instance:co.famepilot.selenium.webdriver.basic.Famepilot_Login@612679d6]" name="tearDown" is-config="true" duration-ms="3956" started-at="2023-01-14T18:22:30 IST" finished-at="2023-01-14T18:22:34 IST">
          <reporter-output>
          </reporter-output>
        </test-method> <!-- tearDown -->
        <test-method status="PASS" signature="setUp()[pri:0, instance:co.famepilot.selenium.webdriver.basic.Famepilot_Login@612679d6]" name="setUp" is-config="true" duration-ms="27535" started-at="2023-01-14T18:22:34 IST" finished-at="2023-01-14T18:23:01 IST">
          <reporter-output>
          </reporter-output>
        </test-method> <!-- setUp -->
        <test-method status="PASS" signature="verifyEmplyfieldsTest()[pri:7, instance:co.famepilot.selenium.webdriver.basic.Famepilot_Login@612679d6]" name="verifyEmplyfieldsTest" duration-ms="14847" started-at="2023-01-14T18:23:01 IST" finished-at="2023-01-14T18:23:16 IST">
          <reporter-output>
          </reporter-output>
        </test-method> <!-- verifyEmplyfieldsTest -->
        <test-method status="PASS" signature="tearDown()[pri:0, instance:co.famepilot.selenium.webdriver.basic.Famepilot_Login@612679d6]" name="tearDown" is-config="true" duration-ms="2235" started-at="2023-01-14T18:23:16 IST" finished-at="2023-01-14T18:23:19 IST">
          <reporter-output>
          </reporter-output>
        </test-method> <!-- tearDown -->
        <test-method status="PASS" signature="setUp()[pri:0, instance:co.famepilot.selenium.webdriver.basic.Famepilot_Login@612679d6]" name="setUp" is-config="true" duration-ms="23772" started-at="2023-01-14T18:23:19 IST" finished-at="2023-01-14T18:23:42 IST">
          <reporter-output>
          </reporter-output>
        </test-method> <!-- setUp -->
        <test-method status="PASS" signature="verifyEmptyUsernameFieldTest()[pri:8, instance:co.famepilot.selenium.webdriver.basic.Famepilot_Login@612679d6]" name="verifyEmptyUsernameFieldTest" duration-ms="23286" started-at="2023-01-14T18:23:42 IST" finished-at="2023-01-14T18:24:06 IST">
          <reporter-output>
          </reporter-output>
        </test-method> <!-- verifyEmptyUsernameFieldTest -->
        <test-method status="PASS" signature="tearDown()[pri:0, instance:co.famepilot.selenium.webdriver.basic.Famepilot_Login@612679d6]" name="tearDown" is-config="true" duration-ms="2077" started-at="2023-01-14T18:24:06 IST" finished-at="2023-01-14T18:24:08 IST">
          <reporter-output>
          </reporter-output>
        </test-method> <!-- tearDown -->
        <test-method status="PASS" signature="setUp()[pri:0, instance:co.famepilot.selenium.webdriver.basic.Famepilot_Login@612679d6]" name="setUp" is-config="true" duration-ms="19693" started-at="2023-01-14T18:24:08 IST" finished-at="2023-01-14T18:24:27 IST">
          <reporter-output>
          </reporter-output>
        </test-method> <!-- setUp -->
        <test-method status="PASS" signature="verifyEmptyPasswordFieldTest()[pri:9, instance:co.famepilot.selenium.webdriver.basic.Famepilot_Login@612679d6]" name="verifyEmptyPasswordFieldTest" duration-ms="16657" started-at="2023-01-14T18:24:27 IST" finished-at="2023-01-14T18:24:44 IST">
          <reporter-output>
          </reporter-output>
        </test-method> <!-- verifyEmptyPasswordFieldTest -->
        <test-method status="PASS" signature="tearDown()[pri:0, instance:co.famepilot.selenium.webdriver.basic.Famepilot_Login@612679d6]" name="tearDown" is-config="true" duration-ms="1974" started-at="2023-01-14T18:24:44 IST" finished-at="2023-01-14T18:24:46 IST">
          <reporter-output>
          </reporter-output>
        </test-method> <!-- tearDown -->
        <test-method status="PASS" signature="setUp()[pri:0, instance:co.famepilot.selenium.webdriver.basic.Famepilot_Login@612679d6]" name="setUp" is-config="true" duration-ms="19085" started-at="2023-01-14T18:24:46 IST" finished-at="2023-01-14T18:25:05 IST">
          <reporter-output>
          </reporter-output>
        </test-method> <!-- setUp -->
        <test-method status="PASS" signature="verifyTermsconditionsTest()[pri:10, instance:co.famepilot.selenium.webdriver.basic.Famepilot_Login@612679d6]" name="verifyTermsconditionsTest" duration-ms="15826" started-at="2023-01-14T18:25:05 IST" finished-at="2023-01-14T18:25:21 IST">
          <reporter-output>
          </reporter-output>
        </test-method> <!-- verifyTermsconditionsTest -->
        <test-method status="PASS" signature="tearDown()[pri:0, instance:co.famepilot.selenium.webdriver.basic.Famepilot_Login@612679d6]" name="tearDown" is-config="true" duration-ms="1822" started-at="2023-01-14T18:25:21 IST" finished-at="2023-01-14T18:25:23 IST">
          <reporter-output>
          </reporter-output>
        </test-method> <!-- tearDown -->
        <test-method status="PASS" signature="setUp()[pri:0, instance:co.famepilot.selenium.webdriver.basic.Famepilot_Login@612679d6]" name="setUp" is-config="true" duration-ms="16682" started-at="2023-01-14T18:25:23 IST" finished-at="2023-01-14T18:25:39 IST">
          <reporter-output>
          </reporter-output>
        </test-method> <!-- setUp -->
        <test-method status="PASS" signature="verifycrossbuttonTest()[pri:11, instance:co.famepilot.selenium.webdriver.basic.Famepilot_Login@612679d6]" name="verifycrossbuttonTest" duration-ms="22834" started-at="2023-01-14T18:25:39 IST" finished-at="2023-01-14T18:26:02 IST">
          <reporter-output>
          </reporter-output>
        </test-method> <!-- verifycrossbuttonTest -->
        <test-method status="PASS" signature="tearDown()[pri:0, instance:co.famepilot.selenium.webdriver.basic.Famepilot_Login@612679d6]" name="tearDown" is-config="true" duration-ms="1451" started-at="2023-01-14T18:26:02 IST" finished-at="2023-01-14T18:26:04 IST">
          <reporter-output>
          </reporter-output>
        </test-method> <!-- tearDown -->
        <test-method status="PASS" signature="setUp()[pri:0, instance:co.famepilot.selenium.webdriver.basic.Famepilot_Login@612679d6]" name="setUp" is-config="true" duration-ms="13905" started-at="2023-01-14T18:26:04 IST" finished-at="2023-01-14T18:26:18 IST">
          <reporter-output>
          </reporter-output>
        </test-method> <!-- setUp -->
        <test-method status="PASS" signature="verifytermsconditionlinkTest()[pri:12, instance:co.famepilot.selenium.webdriver.basic.Famepilot_Login@612679d6]" name="verifytermsconditionlinkTest" duration-ms="16508" started-at="2023-01-14T18:26:18 IST" finished-at="2023-01-14T18:26:34 IST">
          <reporter-output>
          </reporter-output>
        </test-method> <!-- verifytermsconditionlinkTest -->
        <test-method status="PASS" signature="tearDown()[pri:0, instance:co.famepilot.selenium.webdriver.basic.Famepilot_Login@612679d6]" name="tearDown" is-config="true" duration-ms="1266" started-at="2023-01-14T18:26:34 IST" finished-at="2023-01-14T18:26:35 IST">
          <reporter-output>
          </reporter-output>
        </test-method> <!-- tearDown -->
      </class> <!-- co.famepilot.selenium.webdriver.basic.Famepilot_Login -->
    </test> <!-- Default test -->
  </suite> <!-- Default suite -->
</testng-results>
